<?xml version="1.0" encoding="UTF-8"?>
<testng-results skipped="0" failed="0" total="1" passed="1">
  <reporter-output>
  </reporter-output>
  <suite name="Default suite" duration-ms="26" started-at="2016-11-06T04:57:52Z" finished-at="2016-11-06T04:57:52Z">
    <groups>
    </groups>
    <test name="Default test" duration-ms="26" started-at="2016-11-06T04:57:52Z" finished-at="2016-11-06T04:57:52Z">
      <class name="WebDrivertest.MyTestNGfirstproject.helloworld">
        <test-method status="PASS" signature="test()[pri:0, instance:WebDrivertest.MyTestNGfirstproject.helloworld@1efbd816]" name="test" duration-ms="8" started-at="2016-11-06T10:27:52Z" finished-at="2016-11-06T10:27:52Z">
          <reporter-output>
          </reporter-output>
        </test-method> <!-- test -->
      </class> <!-- WebDrivertest.MyTestNGfirstproject.helloworld -->
    </test> <!-- Default test -->
  </suite> <!-- Default suite -->
</testng-results>
